build/app/intermediates/manifest_merge_blame_file/debug/manifest-merger-blame-debug-report.txt
1<?xml version="1.0" encoding="utf-8"?>
2<manifest xmlns:android="http://schemas.android.com/apk/res/android"
3    package="com.example.camera_market_app"
4    android:versionCode="1"
5    android:versionName="1.0.0" >
6
7    <uses-sdk
8        android:minSdkVersion="21"
9        android:targetSdkVersion="31" />
10    <!--
11         The INTERNET permission is required for development. Specifically,
12         the Flutter tool needs it to communicate with the running application
13         to allow setting breakpoints, to provide hot reload, etc.
14    -->
15    <uses-permission android:name="android.permission.INTERNET" />
15-->src\debug\AndroidManifest.xml:7:5-66
15-->src\debug\AndroidManifest.xml:7:22-64
16    <!-- Although the *SdkVersion is captured in gradle build files, this is required for non gradle builds -->
17    <!-- <uses-sdk android:minSdkVersion="14"/> -->
18    <uses-permission android:name="android.permission.ACCESS_NETWORK_STATE" />
18-->[com.google.firebase:firebase-storage:20.1.0] AndroidManifest.xml:25:5-79
18-->[com.google.firebase:firebase-storage:20.1.0] AndroidManifest.xml:25:22-76
19    <uses-permission android:name="android.permission.WAKE_LOCK" />
19-->[com.google.android.gms:play-services-measurement-api:21.2.2] AndroidManifest.xml:24:5-68
19-->[com.google.android.gms:play-services-measurement-api:21.2.2] AndroidManifest.xml:24:22-65
20    <uses-permission android:name="com.google.android.gms.permission.AD_ID" />
20-->[com.google.android.gms:play-services-measurement-api:21.2.2] AndroidManifest.xml:25:5-79
20-->[com.google.android.gms:play-services-measurement-api:21.2.2] AndroidManifest.xml:25:22-76
21    <uses-permission android:name="com.google.android.finsky.permission.BIND_GET_INSTALL_REFERRER_SERVICE" />
21-->[com.google.android.gms:play-services-measurement:21.2.2] AndroidManifest.xml:26:5-110
21-->[com.google.android.gms:play-services-measurement:21.2.2] AndroidManifest.xml:26:22-107
22
23    <permission
23-->[androidx.core:core:1.9.0] AndroidManifest.xml:22:5-24:47
24        android:name="com.example.camera_market_app.DYNAMIC_RECEIVER_NOT_EXPORTED_PERMISSION"
24-->[androidx.core:core:1.9.0] AndroidManifest.xml:23:9-81
25        android:protectionLevel="signature" />
25-->[androidx.core:core:1.9.0] AndroidManifest.xml:24:9-44
26
27    <uses-permission android:name="com.example.camera_market_app.DYNAMIC_RECEIVER_NOT_EXPORTED_PERMISSION" />
27-->[androidx.core:core:1.9.0] AndroidManifest.xml:26:5-97
27-->[androidx.core:core:1.9.0] AndroidManifest.xml:26:22-94
28
29    <application
30        android:name="android.app.Application"
31        android:appComponentFactory="androidx.core.app.CoreComponentFactory"
31-->[androidx.core:core:1.9.0] AndroidManifest.xml:28:18-86
32        android:debuggable="true"
33        android:icon="@mipmap/ic_launcher"
34        android:label="camera_market_app" >
35        <activity
36            android:name="com.example.camera_market_app.MainActivity"
37            android:configChanges="orientation|keyboardHidden|keyboard|screenSize|smallestScreenSize|locale|layoutDirection|fontScale|screenLayout|density|uiMode"
38            android:exported="true"
39            android:hardwareAccelerated="true"
40            android:launchMode="singleTop"
41            android:theme="@style/LaunchTheme"
42            android:windowSoftInputMode="adjustResize" >
43
44            <!--
45                 Specifies an Android theme to apply to this Activity as soon as
46                 the Android process has started. This theme is visible to the user
47                 while the Flutter UI initializes. After that, this theme continues
48                 to determine the Window background behind the Flutter UI.
49            -->
50            <meta-data
51                android:name="io.flutter.embedding.android.NormalTheme"
52                android:resource="@style/NormalTheme" />
53
54            <intent-filter>
55                <action android:name="android.intent.action.MAIN" />
56
57                <category android:name="android.intent.category.LAUNCHER" />
58            </intent-filter>
59        </activity>
60        <!--
61             Don't delete the meta-data below.
62             This is used by the Flutter tool to generate GeneratedPluginRegistrant.java
63        -->
64        <meta-data
65            android:name="flutterEmbedding"
66            android:value="2" />
67
68        <service
68-->[:firebase_storage] AndroidManifest.xml:10:9-14:19
69            android:name="com.google.firebase.components.ComponentDiscoveryService"
69-->[:firebase_storage] AndroidManifest.xml:10:18-89
70            android:directBootAware="true"
70-->[com.google.firebase:firebase-common:20.3.2] AndroidManifest.xml:34:13-43
71            android:exported="false" >
71-->[com.google.firebase:firebase-storage:20.1.0] AndroidManifest.xml:31:13-37
72            <meta-data
72-->[:firebase_storage] AndroidManifest.xml:11:13-13:85
73                android:name="com.google.firebase.components:io.flutter.plugins.firebase.storage.FlutterFirebaseAppRegistrar"
73-->[:firebase_storage] AndroidManifest.xml:12:17-126
74                android:value="com.google.firebase.components.ComponentRegistrar" />
74-->[:firebase_storage] AndroidManifest.xml:13:17-82
75            <meta-data
75-->[:cloud_firestore] AndroidManifest.xml:11:13-13:85
76                android:name="com.google.firebase.components:io.flutter.plugins.firebase.firestore.FlutterFirebaseFirestoreRegistrar"
76-->[:cloud_firestore] AndroidManifest.xml:12:17-134
77                android:value="com.google.firebase.components.ComponentRegistrar" />
77-->[:cloud_firestore] AndroidManifest.xml:13:17-82
78            <meta-data
78-->[:firebase_core] AndroidManifest.xml:11:13-13:85
79                android:name="com.google.firebase.components:io.flutter.plugins.firebase.core.FlutterFirebaseCoreRegistrar"
79-->[:firebase_core] AndroidManifest.xml:12:17-124
80                android:value="com.google.firebase.components.ComponentRegistrar" />
80-->[:firebase_core] AndroidManifest.xml:13:17-82
81            <meta-data
81-->[com.google.firebase:firebase-storage:20.1.0] AndroidManifest.xml:32:13-34:85
82                android:name="com.google.firebase.components:com.google.firebase.storage.StorageRegistrar"
82-->[com.google.firebase:firebase-storage:20.1.0] AndroidManifest.xml:33:17-107
83                android:value="com.google.firebase.components.ComponentRegistrar" />
83-->[com.google.firebase:firebase-storage:20.1.0] AndroidManifest.xml:34:17-82
84            <meta-data
84-->[com.google.firebase:firebase-firestore:24.5.0] AndroidManifest.xml:19:13-21:85
85                android:name="com.google.firebase.components:com.google.firebase.firestore.FirestoreRegistrar"
85-->[com.google.firebase:firebase-firestore:24.5.0] AndroidManifest.xml:20:17-111
86                android:value="com.google.firebase.components.ComponentRegistrar" />
86-->[com.google.firebase:firebase-firestore:24.5.0] AndroidManifest.xml:21:17-82
87            <meta-data
87-->[com.google.android.gms:play-services-measurement-api:21.2.2] AndroidManifest.xml:31:13-33:85
88                android:name="com.google.firebase.components:com.google.firebase.analytics.connector.internal.AnalyticsConnectorRegistrar"
88-->[com.google.android.gms:play-services-measurement-api:21.2.2] AndroidManifest.xml:32:17-139
89                android:value="com.google.firebase.components.ComponentRegistrar" />
89-->[com.google.android.gms:play-services-measurement-api:21.2.2] AndroidManifest.xml:33:17-82
90            <meta-data
90-->[com.google.firebase:firebase-installations:17.1.3] AndroidManifest.xml:17:13-19:85
91                android:name="com.google.firebase.components:com.google.firebase.installations.FirebaseInstallationsRegistrar"
91-->[com.google.firebase:firebase-installations:17.1.3] AndroidManifest.xml:18:17-127
92                android:value="com.google.firebase.components.ComponentRegistrar" />
92-->[com.google.firebase:firebase-installations:17.1.3] AndroidManifest.xml:19:17-82
93        </service>
94
95        <provider
95-->[:image_picker_android] AndroidManifest.xml:10:9-18:20
96            android:name="io.flutter.plugins.imagepicker.ImagePickerFileProvider"
96-->[:image_picker_android] AndroidManifest.xml:11:13-82
97            android:authorities="com.example.camera_market_app.flutter.image_provider"
97-->[:image_picker_android] AndroidManifest.xml:12:13-74
98            android:exported="false"
98-->[:image_picker_android] AndroidManifest.xml:13:13-37
99            android:grantUriPermissions="true" >
99-->[:image_picker_android] AndroidManifest.xml:14:13-47
100            <meta-data
100-->[:image_picker_android] AndroidManifest.xml:15:13-17:75
101                android:name="android.support.FILE_PROVIDER_PATHS"
101-->[:image_picker_android] AndroidManifest.xml:16:17-67
102                android:resource="@xml/flutter_image_picker_file_paths" />
102-->[:image_picker_android] AndroidManifest.xml:17:17-72
103        </provider>
104        <provider
104-->[com.google.firebase:firebase-common:20.3.2] AndroidManifest.xml:25:9-30:39
105            android:name="com.google.firebase.provider.FirebaseInitProvider"
105-->[com.google.firebase:firebase-common:20.3.2] AndroidManifest.xml:26:13-77
106            android:authorities="com.example.camera_market_app.firebaseinitprovider"
106-->[com.google.firebase:firebase-common:20.3.2] AndroidManifest.xml:27:13-72
107            android:directBootAware="true"
107-->[com.google.firebase:firebase-common:20.3.2] AndroidManifest.xml:28:13-43
108            android:exported="false"
108-->[com.google.firebase:firebase-common:20.3.2] AndroidManifest.xml:29:13-37
109            android:initOrder="100" />
109-->[com.google.firebase:firebase-common:20.3.2] AndroidManifest.xml:30:13-36
110
111        <receiver
111-->[com.google.android.gms:play-services-measurement:21.2.2] AndroidManifest.xml:29:9-33:20
112            android:name="com.google.android.gms.measurement.AppMeasurementReceiver"
112-->[com.google.android.gms:play-services-measurement:21.2.2] AndroidManifest.xml:30:13-85
113            android:enabled="true"
113-->[com.google.android.gms:play-services-measurement:21.2.2] AndroidManifest.xml:31:13-35
114            android:exported="false" >
114-->[com.google.android.gms:play-services-measurement:21.2.2] AndroidManifest.xml:32:13-37
115        </receiver>
116
117        <service
117-->[com.google.android.gms:play-services-measurement:21.2.2] AndroidManifest.xml:35:9-38:40
118            android:name="com.google.android.gms.measurement.AppMeasurementService"
118-->[com.google.android.gms:play-services-measurement:21.2.2] AndroidManifest.xml:36:13-84
119            android:enabled="true"
119-->[com.google.android.gms:play-services-measurement:21.2.2] AndroidManifest.xml:37:13-35
120            android:exported="false" />
120-->[com.google.android.gms:play-services-measurement:21.2.2] AndroidManifest.xml:38:13-37
121        <service
121-->[com.google.android.gms:play-services-measurement:21.2.2] AndroidManifest.xml:39:9-43:72
122            android:name="com.google.android.gms.measurement.AppMeasurementJobService"
122-->[com.google.android.gms:play-services-measurement:21.2.2] AndroidManifest.xml:40:13-87
123            android:enabled="true"
123-->[com.google.android.gms:play-services-measurement:21.2.2] AndroidManifest.xml:41:13-35
124            android:exported="false"
124-->[com.google.android.gms:play-services-measurement:21.2.2] AndroidManifest.xml:42:13-37
125            android:permission="android.permission.BIND_JOB_SERVICE" />
125-->[com.google.android.gms:play-services-measurement:21.2.2] AndroidManifest.xml:43:13-69
126
127        <activity
127-->[com.google.android.gms:play-services-base:18.0.1] AndroidManifest.xml:20:9-22:45
128            android:name="com.google.android.gms.common.api.GoogleApiActivity"
128-->[com.google.android.gms:play-services-base:18.0.1] AndroidManifest.xml:20:19-85
129            android:exported="false"
129-->[com.google.android.gms:play-services-base:18.0.1] AndroidManifest.xml:22:19-43
130            android:theme="@android:style/Theme.Translucent.NoTitleBar" />
130-->[com.google.android.gms:play-services-base:18.0.1] AndroidManifest.xml:21:19-78
131
132        <meta-data
132-->[com.google.android.gms:play-services-basement:18.1.0] AndroidManifest.xml:21:9-23:69
133            android:name="com.google.android.gms.version"
133-->[com.google.android.gms:play-services-basement:18.1.0] AndroidManifest.xml:22:13-58
134            android:value="@integer/google_play_services_version" />
134-->[com.google.android.gms:play-services-basement:18.1.0] AndroidManifest.xml:23:13-66
135
136        <uses-library
136-->[androidx.window:window:1.0.0-beta04] AndroidManifest.xml:25:9-27:40
137            android:name="androidx.window.extensions"
137-->[androidx.window:window:1.0.0-beta04] AndroidManifest.xml:26:13-54
138            android:required="false" />
138-->[androidx.window:window:1.0.0-beta04] AndroidManifest.xml:27:13-37
139        <uses-library
139-->[androidx.window:window:1.0.0-beta04] AndroidManifest.xml:28:9-30:40
140            android:name="androidx.window.sidecar"
140-->[androidx.window:window:1.0.0-beta04] AndroidManifest.xml:29:13-51
141            android:required="false" />
141-->[androidx.window:window:1.0.0-beta04] AndroidManifest.xml:30:13-37
142    </application>
143
144</manifest>